<?xml version="1.0" encoding="UTF-8"?>
<testng-results skipped="0" failed="0" total="1" passed="1">
  <reporter-output>
  </reporter-output>
  <suite name="Command line suite" duration-ms="2" started-at="2019-12-01T13:56:38Z" finished-at="2019-12-01T13:56:38Z">
    <groups>
    </groups>
    <test name="Command line test" duration-ms="2" started-at="2019-12-01T13:56:38Z" finished-at="2019-12-01T13:56:38Z">
      <class name="TestNgDemo.TestNgMaven.AppTest">
        <test-method status="PASS" signature="testApp()[pri:0, instance:testApp(TestNgDemo.TestNgMaven.AppTest)]" name="testApp" duration-ms="0" started-at="2019-12-01T19:26:38Z" finished-at="2019-12-01T19:26:38Z">
          <reporter-output>
          </reporter-output>
        </test-method> <!-- testApp -->
      </class> <!-- TestNgDemo.TestNgMaven.AppTest -->
    </test> <!-- Command line test -->
  </suite> <!-- Command line suite -->
</testng-results>
