<?xml version="1.0" encoding="UTF-8"?>
<!-- Generated by org.testng.reporters.JUnitXMLReporter -->
<testsuite hostname="DESKTOP-MDH6837" name="Command line test" tests="20" failures="0" timestamp="11 May 2019 07:43:42 GMT" time="43.999" errors="0">
  <testcase name="Verify_Url" time="0.047" classname="TestNgDemo.TestNgMaven.Login_TestCase"/>
  <testcase name="verifyApplicationTitle" time="0.01" classname="TestNgDemo.TestNgMaven.Login_TestCase"/>
  <testcase name="verify_Title" time="0.078" classname="TestNgDemo.TestNgMaven.Login_TestCase"/>
  <testcase name="loginsesion" time="0.016" classname="TestNgDemo.TestNgMaven.Login_TestCase"/>
  <testcase name="Check_PlaceHolder_Username" time="0.031" classname="TestNgDemo.TestNgMaven.Login_TestCase"/>
  <testcase name="Check_PlaceHolder_Password" time="0.024" classname="TestNgDemo.TestNgMaven.Login_TestCase"/>
  <testcase name="check_Button_color" time="0.065" classname="TestNgDemo.TestNgMaven.Login_TestCase"/>
  <testcase name="check_Links" time="0.042" classname="TestNgDemo.TestNgMaven.Login_TestCase"/>
  <testcase name="blank_username_password" time="0.232" classname="TestNgDemo.TestNgMaven.Login_TestCase"/>
  <testcase name="invalidusername_password" time="4.214" classname="TestNgDemo.TestNgMaven.Login_TestCase"/>
  <testcase name="validUsername_Password" time="0.913" classname="TestNgDemo.TestNgMaven.Login_TestCase"/>
  <testcase name="Verify_Url_DashBoard" time="0.009" classname="TestNgDemo.TestNgMaven.Login_TestCase"/>
  <testcase name="verifyApplicationTitle_DashBoard" time="0.011" classname="TestNgDemo.TestNgMaven.Login_TestCase"/>
  <testcase name="heading_Dashboard" time="2.025" classname="TestNgDemo.TestNgMaven.Login_TestCase"/>
  <testcase name="click_OnUser" time="2.455" classname="TestNgDemo.TestNgMaven.Login_TestCase"/>
  <testcase name="getTableData" time="7.5" classname="TestNgDemo.TestNgMaven.Login_TestCase"/>
  <testcase name="Click_On_AddUser_Btn" time="2.415" classname="TestNgDemo.TestNgMaven.Login_TestCase"/>
  <testcase name="Fill_Form" time="13.859" classname="TestNgDemo.TestNgMaven.Login_TestCase"/>
  <testcase name="clickOn_OperatorBtn" time="9.762" classname="TestNgDemo.TestNgMaven.Login_TestCase"/>
  <testcase name="logOutBtn" time="0.265" classname="TestNgDemo.TestNgMaven.Login_TestCase"/>
</testsuite> <!-- Command line test -->
