<?xml version="1.0" encoding="UTF-8"?>
<!-- Generated by org.testng.reporters.JUnitXMLReporter -->
<testsuite hostname="DESKTOP-MDH6837" ignored="0" name="Test" tests="4" failures="0" timestamp="08 Sep 2019 06:10:26 GMT" time="0.048" errors="0">
  <testcase name="testCase1_XX" time="0.008" classname="com.Testng_Test.XX"/>
  <testcase name="testCase2_XX" time="0.016" classname="com.Testng_Test.XX"/>
  <testcase name="testCase1_YY" time="0.0" classname="com.Testng_Test.YY"/>
  <testcase name="testCase2_YY" time="0.008" classname="com.Testng_Test.YY"/>
</testsuite> <!-- Test -->
