<?xml version="1.0" encoding="UTF-8"?>
<!-- Generated by org.testng.reporters.JUnitXMLReporter -->
<testsuite hostname="DESKTOP-MDH6837" ignored="0" name="Default test" tests="4" failures="0" timestamp="08 Sep 2019 06:02:41 GMT" time="0.048" errors="0">
  <testcase name="testCase1_YY" time="0.008" classname="com.Testng_Test.YY"/>
  <testcase name="testCase2_YY" time="0.0" classname="com.Testng_Test.YY"/>
  <testcase name="testCase2_YY" time="0.0" classname="com.Testng_Test.YY"/>
  <testcase name="testCase2_YY" time="0.0" classname="com.Testng_Test.YY"/>
</testsuite> <!-- Default test -->
