<?xml version="1.0" encoding="UTF-8" ?>
<testsuite tests="21" failures="3" name="TestSuite" time="66.118" errors="0" skipped="0">
  <properties>
[...]
</properties>
  <testcase classname="TestNgDemo.TestNgMaven.Login_TestCase" name="Verify_Url" time="0.028"/>
  <testcase classname="TestNgDemo.TestNgMaven.Login_TestCase" name="verifyApplicationTitle" time="0.004"/>
  <testcase classname="TestNgDemo.TestNgMaven.Login_TestCase" name="verify_Title" time="5.06">
    <failure message="no such element: Unable to locate element: {&quot;method&quot;:&quot;xpath&quot;,&quot;selector&quot;:&quot;/html/body/div/header/a/span[2]/b&quot;}
  (Session info: chrome=78.0.3904.108)
For documentation on this error, please visit: http://seleniumhq.org/exceptions/no_such_element.html
Build info: version: &apos;3.14.0&apos;, revision: &apos;aacccce0&apos;, time: &apos;2018-08-02T20:19:58.91Z&apos;
System info: host: &apos;DESKTOP-MDH6837&apos;, ip: &apos;192.168.217.1&apos;, os.name: &apos;Windows 10&apos;, os.arch: &apos;amd64&apos;, os.version: &apos;10.0&apos;, java.version: &apos;1.8.0_144&apos;
Driver info: org.openqa.selenium.chrome.ChromeDriver
Capabilities {acceptInsecureCerts: false, browserName: chrome, browserVersion: 78.0.3904.108, chrome: {chromedriverVersion: 78.0.3904.70 (edb9c9f3de024..., userDataDir: C:\Users\darsh\AppData\Loca...}, goog:chromeOptions: {debuggerAddress: localhost:52018}, javascriptEnabled: true, networkConnectionEnabled: false, pageLoadStrategy: normal, platform: XP, platformName: XP, proxy: Proxy(), setWindowRect: true, strictFileInteractability: false, timeouts: {implicit: 0, pageLoad: 300000, script: 30000}, unhandledPromptBehavior: dismiss and notify}
Session ID: d83e3cfde00de4f6207ab5f81abb0d59
*** Element info: {Using=xpath, value=/html/body/div/header/a/span[2]/b}" type="org.openqa.selenium.NoSuchElementException">org.openqa.selenium.NoSuchElementException: no such element: Unable to locate element: {&quot;method&quot;:&quot;xpath&quot;,&quot;selector&quot;:&quot;/html/body/div/header/a/span[2]/b&quot;}
  (Session info: chrome=78.0.3904.108)
For documentation on this error, please visit: http://seleniumhq.org/exceptions/no_such_element.html
Build info: version: &apos;3.14.0&apos;, revision: &apos;aacccce0&apos;, time: &apos;2018-08-02T20:19:58.91Z&apos;
System info: host: &apos;DESKTOP-MDH6837&apos;, ip: &apos;192.168.217.1&apos;, os.name: &apos;Windows 10&apos;, os.arch: &apos;amd64&apos;, os.version: &apos;10.0&apos;, java.version: &apos;1.8.0_144&apos;
Driver info: org.openqa.selenium.chrome.ChromeDriver
Capabilities {acceptInsecureCerts: false, browserName: chrome, browserVersion: 78.0.3904.108, chrome: {chromedriverVersion: 78.0.3904.70 (edb9c9f3de024..., userDataDir: C:\Users\darsh\AppData\Loca...}, goog:chromeOptions: {debuggerAddress: localhost:52018}, javascriptEnabled: true, networkConnectionEnabled: false, pageLoadStrategy: normal, platform: XP, platformName: XP, proxy: Proxy(), setWindowRect: true, strictFileInteractability: false, timeouts: {implicit: 0, pageLoad: 300000, script: 30000}, unhandledPromptBehavior: dismiss and notify}
Session ID: d83e3cfde00de4f6207ab5f81abb0d59
*** Element info: {Using=xpath, value=/html/body/div/header/a/span[2]/b}
	at sun.reflect.NativeConstructorAccessorImpl.newInstance0(Native Method)
	at sun.reflect.NativeConstructorAccessorImpl.newInstance(NativeConstructorAccessorImpl.java:62)
	at sun.reflect.DelegatingConstructorAccessorImpl.newInstance(DelegatingConstructorAccessorImpl.java:45)
	at java.lang.reflect.Constructor.newInstance(Constructor.java:423)
	at org.openqa.selenium.remote.http.W3CHttpResponseCodec.createException(W3CHttpResponseCodec.java:187)
	at org.openqa.selenium.remote.http.W3CHttpResponseCodec.decode(W3CHttpResponseCodec.java:122)
	at org.openqa.selenium.remote.http.W3CHttpResponseCodec.decode(W3CHttpResponseCodec.java:49)
	at org.openqa.selenium.remote.HttpCommandExecutor.execute(HttpCommandExecutor.java:158)
	at org.openqa.selenium.remote.service.DriverCommandExecutor.execute(DriverCommandExecutor.java:83)
	at org.openqa.selenium.remote.RemoteWebDriver.execute(RemoteWebDriver.java:548)
	at org.openqa.selenium.remote.RemoteWebDriver.findElement(RemoteWebDriver.java:322)
	at org.openqa.selenium.remote.RemoteWebDriver.findElementByXPath(RemoteWebDriver.java:424)
	at org.openqa.selenium.By$ByXPath.findElement(By.java:353)
	at org.openqa.selenium.remote.RemoteWebDriver.findElement(RemoteWebDriver.java:314)
	at TestNgDemo.TestNgMaven.Login_TestCase.verify_Title(Login_TestCase.java:127)
</failure>
  </testcase>
  <testcase classname="TestNgDemo.TestNgMaven.Login_TestCase" name="loginsesion" time="0.023"/>
  <testcase classname="TestNgDemo.TestNgMaven.Login_TestCase" name="Check_PlaceHolder_Username" time="0.054"/>
  <testcase classname="TestNgDemo.TestNgMaven.Login_TestCase" name="Check_PlaceHolder_Password" time="0.05"/>
  <testcase classname="TestNgDemo.TestNgMaven.Login_TestCase" name="check_Button_color" time="0.167"/>
  <testcase classname="TestNgDemo.TestNgMaven.Login_TestCase" name="check_Links" time="0.053"/>
  <testcase classname="TestNgDemo.TestNgMaven.Login_TestCase" name="blank_username_password" time="0.273"/>
  <testcase classname="TestNgDemo.TestNgMaven.Login_TestCase" name="invalidusername_password" time="4.334"/>
  <testcase classname="TestNgDemo.TestNgMaven.Login_TestCase" name="validUsername_Password" time="3.884"/>
  <testcase classname="TestNgDemo.TestNgMaven.Login_TestCase" name="Verify_Url_DashBoard" time="0.027"/>
  <testcase classname="TestNgDemo.TestNgMaven.Login_TestCase" name="verifyApplicationTitle_DashBoard" time="0.015"/>
  <testcase classname="TestNgDemo.TestNgMaven.Login_TestCase" name="heading_Dashboard" time="2.076"/>
  <testcase classname="TestNgDemo.TestNgMaven.Login_TestCase" name="click_OnUser" time="2.61"/>
  <testcase classname="TestNgDemo.TestNgMaven.Login_TestCase" name="getTableData" time="8.256"/>
  <testcase classname="TestNgDemo.TestNgMaven.Login_TestCase" name="Click_On_AddUser_Btn" time="2.328"/>
  <testcase classname="TestNgDemo.TestNgMaven.Login_TestCase" name="Fill_Form" time="14.2">
    <failure message="no such element: Unable to locate element: {&quot;method&quot;:&quot;xpath&quot;,&quot;selector&quot;:&quot;html/body/div[1]/div[1]/section[2]/div/div/div/form/div[1]/div[5]/div/select&quot;}
  (Session info: chrome=78.0.3904.108)
For documentation on this error, please visit: http://seleniumhq.org/exceptions/no_such_element.html
Build info: version: &apos;3.14.0&apos;, revision: &apos;aacccce0&apos;, time: &apos;2018-08-02T20:19:58.91Z&apos;
System info: host: &apos;DESKTOP-MDH6837&apos;, ip: &apos;192.168.217.1&apos;, os.name: &apos;Windows 10&apos;, os.arch: &apos;amd64&apos;, os.version: &apos;10.0&apos;, java.version: &apos;1.8.0_144&apos;
Driver info: org.openqa.selenium.chrome.ChromeDriver
Capabilities {acceptInsecureCerts: false, browserName: chrome, browserVersion: 78.0.3904.108, chrome: {chromedriverVersion: 78.0.3904.70 (edb9c9f3de024..., userDataDir: C:\Users\darsh\AppData\Loca...}, goog:chromeOptions: {debuggerAddress: localhost:52018}, javascriptEnabled: true, networkConnectionEnabled: false, pageLoadStrategy: normal, platform: XP, platformName: XP, proxy: Proxy(), setWindowRect: true, strictFileInteractability: false, timeouts: {implicit: 0, pageLoad: 300000, script: 30000}, unhandledPromptBehavior: dismiss and notify}
Session ID: d83e3cfde00de4f6207ab5f81abb0d59
*** Element info: {Using=xpath, value=html/body/div[1]/div[1]/section[2]/div/div/div/form/div[1]/div[5]/div/select}" type="org.openqa.selenium.NoSuchElementException">org.openqa.selenium.NoSuchElementException: no such element: Unable to locate element: {&quot;method&quot;:&quot;xpath&quot;,&quot;selector&quot;:&quot;html/body/div[1]/div[1]/section[2]/div/div/div/form/div[1]/div[5]/div/select&quot;}
  (Session info: chrome=78.0.3904.108)
For documentation on this error, please visit: http://seleniumhq.org/exceptions/no_such_element.html
Build info: version: &apos;3.14.0&apos;, revision: &apos;aacccce0&apos;, time: &apos;2018-08-02T20:19:58.91Z&apos;
System info: host: &apos;DESKTOP-MDH6837&apos;, ip: &apos;192.168.217.1&apos;, os.name: &apos;Windows 10&apos;, os.arch: &apos;amd64&apos;, os.version: &apos;10.0&apos;, java.version: &apos;1.8.0_144&apos;
Driver info: org.openqa.selenium.chrome.ChromeDriver
Capabilities {acceptInsecureCerts: false, browserName: chrome, browserVersion: 78.0.3904.108, chrome: {chromedriverVersion: 78.0.3904.70 (edb9c9f3de024..., userDataDir: C:\Users\darsh\AppData\Loca...}, goog:chromeOptions: {debuggerAddress: localhost:52018}, javascriptEnabled: true, networkConnectionEnabled: false, pageLoadStrategy: normal, platform: XP, platformName: XP, proxy: Proxy(), setWindowRect: true, strictFileInteractability: false, timeouts: {implicit: 0, pageLoad: 300000, script: 30000}, unhandledPromptBehavior: dismiss and notify}
Session ID: d83e3cfde00de4f6207ab5f81abb0d59
*** Element info: {Using=xpath, value=html/body/div[1]/div[1]/section[2]/div/div/div/form/div[1]/div[5]/div/select}
	at sun.reflect.NativeConstructorAccessorImpl.newInstance0(Native Method)
	at sun.reflect.NativeConstructorAccessorImpl.newInstance(NativeConstructorAccessorImpl.java:62)
	at sun.reflect.DelegatingConstructorAccessorImpl.newInstance(DelegatingConstructorAccessorImpl.java:45)
	at java.lang.reflect.Constructor.newInstance(Constructor.java:423)
	at org.openqa.selenium.remote.http.W3CHttpResponseCodec.createException(W3CHttpResponseCodec.java:187)
	at org.openqa.selenium.remote.http.W3CHttpResponseCodec.decode(W3CHttpResponseCodec.java:122)
	at org.openqa.selenium.remote.http.W3CHttpResponseCodec.decode(W3CHttpResponseCodec.java:49)
	at org.openqa.selenium.remote.HttpCommandExecutor.execute(HttpCommandExecutor.java:158)
	at org.openqa.selenium.remote.service.DriverCommandExecutor.execute(DriverCommandExecutor.java:83)
	at org.openqa.selenium.remote.RemoteWebDriver.execute(RemoteWebDriver.java:548)
	at org.openqa.selenium.remote.RemoteWebDriver.findElement(RemoteWebDriver.java:322)
	at org.openqa.selenium.remote.RemoteWebDriver.findElementByXPath(RemoteWebDriver.java:424)
	at org.openqa.selenium.By$ByXPath.findElement(By.java:353)
	at org.openqa.selenium.remote.RemoteWebDriver.findElement(RemoteWebDriver.java:314)
	at TestNgDemo.TestNgMaven.Login_TestCase.Fill_Form(Login_TestCase.java:383)
</failure>
  </testcase>
  <testcase classname="TestNgDemo.TestNgMaven.Login_TestCase" name="clickOn_OperatorBtn" time="10.364"/>
  <testcase classname="TestNgDemo.TestNgMaven.Login_TestCase" name="logOutBtn" time="5.398">
    <failure message="no such element: Unable to locate element: {&quot;method&quot;:&quot;xpath&quot;,&quot;selector&quot;:&quot;//p[contains(text(),&apos;Logout successfully&apos;)]&quot;}
  (Session info: chrome=78.0.3904.108)
For documentation on this error, please visit: http://seleniumhq.org/exceptions/no_such_element.html
Build info: version: &apos;3.14.0&apos;, revision: &apos;aacccce0&apos;, time: &apos;2018-08-02T20:19:58.91Z&apos;
System info: host: &apos;DESKTOP-MDH6837&apos;, ip: &apos;192.168.217.1&apos;, os.name: &apos;Windows 10&apos;, os.arch: &apos;amd64&apos;, os.version: &apos;10.0&apos;, java.version: &apos;1.8.0_144&apos;
Driver info: org.openqa.selenium.chrome.ChromeDriver
Capabilities {acceptInsecureCerts: false, browserName: chrome, browserVersion: 78.0.3904.108, chrome: {chromedriverVersion: 78.0.3904.70 (edb9c9f3de024..., userDataDir: C:\Users\darsh\AppData\Loca...}, goog:chromeOptions: {debuggerAddress: localhost:52018}, javascriptEnabled: true, networkConnectionEnabled: false, pageLoadStrategy: normal, platform: XP, platformName: XP, proxy: Proxy(), setWindowRect: true, strictFileInteractability: false, timeouts: {implicit: 0, pageLoad: 300000, script: 30000}, unhandledPromptBehavior: dismiss and notify}
Session ID: d83e3cfde00de4f6207ab5f81abb0d59
*** Element info: {Using=xpath, value=//p[contains(text(),&apos;Logout successfully&apos;)]}" type="org.openqa.selenium.NoSuchElementException">org.openqa.selenium.NoSuchElementException: no such element: Unable to locate element: {&quot;method&quot;:&quot;xpath&quot;,&quot;selector&quot;:&quot;//p[contains(text(),&apos;Logout successfully&apos;)]&quot;}
  (Session info: chrome=78.0.3904.108)
For documentation on this error, please visit: http://seleniumhq.org/exceptions/no_such_element.html
Build info: version: &apos;3.14.0&apos;, revision: &apos;aacccce0&apos;, time: &apos;2018-08-02T20:19:58.91Z&apos;
System info: host: &apos;DESKTOP-MDH6837&apos;, ip: &apos;192.168.217.1&apos;, os.name: &apos;Windows 10&apos;, os.arch: &apos;amd64&apos;, os.version: &apos;10.0&apos;, java.version: &apos;1.8.0_144&apos;
Driver info: org.openqa.selenium.chrome.ChromeDriver
Capabilities {acceptInsecureCerts: false, browserName: chrome, browserVersion: 78.0.3904.108, chrome: {chromedriverVersion: 78.0.3904.70 (edb9c9f3de024..., userDataDir: C:\Users\darsh\AppData\Loca...}, goog:chromeOptions: {debuggerAddress: localhost:52018}, javascriptEnabled: true, networkConnectionEnabled: false, pageLoadStrategy: normal, platform: XP, platformName: XP, proxy: Proxy(), setWindowRect: true, strictFileInteractability: false, timeouts: {implicit: 0, pageLoad: 300000, script: 30000}, unhandledPromptBehavior: dismiss and notify}
Session ID: d83e3cfde00de4f6207ab5f81abb0d59
*** Element info: {Using=xpath, value=//p[contains(text(),&apos;Logout successfully&apos;)]}
	at sun.reflect.NativeConstructorAccessorImpl.newInstance0(Native Method)
	at sun.reflect.NativeConstructorAccessorImpl.newInstance(NativeConstructorAccessorImpl.java:62)
	at sun.reflect.DelegatingConstructorAccessorImpl.newInstance(DelegatingConstructorAccessorImpl.java:45)
	at java.lang.reflect.Constructor.newInstance(Constructor.java:423)
	at org.openqa.selenium.remote.http.W3CHttpResponseCodec.createException(W3CHttpResponseCodec.java:187)
	at org.openqa.selenium.remote.http.W3CHttpResponseCodec.decode(W3CHttpResponseCodec.java:122)
	at org.openqa.selenium.remote.http.W3CHttpResponseCodec.decode(W3CHttpResponseCodec.java:49)
	at org.openqa.selenium.remote.HttpCommandExecutor.execute(HttpCommandExecutor.java:158)
	at org.openqa.selenium.remote.service.DriverCommandExecutor.execute(DriverCommandExecutor.java:83)
	at org.openqa.selenium.remote.RemoteWebDriver.execute(RemoteWebDriver.java:548)
	at org.openqa.selenium.remote.RemoteWebDriver.findElement(RemoteWebDriver.java:322)
	at org.openqa.selenium.remote.RemoteWebDriver.findElementByXPath(RemoteWebDriver.java:424)
	at org.openqa.selenium.By$ByXPath.findElement(By.java:353)
	at org.openqa.selenium.remote.RemoteWebDriver.findElement(RemoteWebDriver.java:314)
	at TestNgDemo.TestNgMaven.Login_TestCase.logOutBtn(Login_TestCase.java:428)
</failure>
  </testcase>
  <testcase classname="TestNgDemo.TestNgMaven.AppTest" name="testApp on testApp(TestNgDemo.TestNgMaven.AppTest)" time="6.914"/>
</testsuite>