<?xml version="1.0" encoding="UTF-8" ?>
<testsuite tests="21" failures="3" name="TestSuite" time="46.028" errors="0" skipped="0">
  <properties>
[...]
</properties>
  <testcase classname="TestNgDemo.TestNgMaven.Login_TestCase" name="Verify_Url" time="0.027"/>
  <testcase classname="TestNgDemo.TestNgMaven.Login_TestCase" name="verifyApplicationTitle" time="0.012"/>
  <testcase classname="TestNgDemo.TestNgMaven.Login_TestCase" name="verify_Title" time="0.121"/>
  <testcase classname="TestNgDemo.TestNgMaven.Login_TestCase" name="loginsesion" time="0.011"/>
  <testcase classname="TestNgDemo.TestNgMaven.Login_TestCase" name="Check_PlaceHolder_Username" time="0.024"/>
  <testcase classname="TestNgDemo.TestNgMaven.Login_TestCase" name="Check_PlaceHolder_Password" time="0.019"/>
  <testcase classname="TestNgDemo.TestNgMaven.Login_TestCase" name="check_Button_color" time="0.062"/>
  <testcase classname="TestNgDemo.TestNgMaven.Login_TestCase" name="check_Links" time="0.038"/>
  <testcase classname="TestNgDemo.TestNgMaven.Login_TestCase" name="blank_username_password" time="0.231"/>
  <testcase classname="TestNgDemo.TestNgMaven.Login_TestCase" name="invalidusername_password" time="4.316"/>
  <testcase classname="TestNgDemo.TestNgMaven.Login_TestCase" name="validUsername_Password" time="1.954"/>
  <testcase classname="TestNgDemo.TestNgMaven.Login_TestCase" name="Verify_Url_DashBoard" time="0.031"/>
  <testcase classname="TestNgDemo.TestNgMaven.Login_TestCase" name="verifyApplicationTitle_DashBoard" time="0.019"/>
  <testcase classname="TestNgDemo.TestNgMaven.Login_TestCase" name="heading_Dashboard" time="2.051"/>
  <testcase classname="TestNgDemo.TestNgMaven.Login_TestCase" name="click_OnUser" time="2.731"/>
  <testcase classname="TestNgDemo.TestNgMaven.Login_TestCase" name="getTableData" time="7.764"/>
  <testcase classname="TestNgDemo.TestNgMaven.Login_TestCase" name="Click_On_AddUser_Btn" time="2.241"/>
  <testcase classname="TestNgDemo.TestNgMaven.Login_TestCase" name="Fill_Form" time="15.79">
    <failure message="No alert is present (WARNING: The server did not provide any stacktrace information)
Command duration or timeout: 2.57 seconds
Build info: version: &apos;2.53.0&apos;, revision: &apos;35ae25b1534ae328c771e0856c93e187490ca824&apos;, time: &apos;2016-03-15 10:43:46&apos;
System info: host: &apos;DESKTOP-MDH6837&apos;, ip: &apos;192.168.217.1&apos;, os.name: &apos;Windows 10&apos;, os.arch: &apos;amd64&apos;, os.version: &apos;10.0&apos;, java.version: &apos;1.8.0_144&apos;
Driver info: org.openqa.selenium.firefox.FirefoxDriver
Capabilities [{applicationCacheEnabled=true, rotatable=false, handlesAlerts=true, databaseEnabled=true, version=46.0.1, platform=WINDOWS, nativeEvents=false, acceptSslCerts=true, webStorageEnabled=true, locationContextEnabled=true, browserName=firefox, takesScreenshot=true, javascriptEnabled=true, cssSelectorsEnabled=true}]
Session ID: 19ce80d4-08b6-4697-85e8-81381f485096" type="org.openqa.selenium.NoAlertPresentException">org.openqa.selenium.NoAlertPresentException: No alert is present (WARNING: The server did not provide any stacktrace information)
Command duration or timeout: 2.57 seconds
Build info: version: &apos;2.53.0&apos;, revision: &apos;35ae25b1534ae328c771e0856c93e187490ca824&apos;, time: &apos;2016-03-15 10:43:46&apos;
System info: host: &apos;DESKTOP-MDH6837&apos;, ip: &apos;192.168.217.1&apos;, os.name: &apos;Windows 10&apos;, os.arch: &apos;amd64&apos;, os.version: &apos;10.0&apos;, java.version: &apos;1.8.0_144&apos;
Driver info: org.openqa.selenium.firefox.FirefoxDriver
Capabilities [{applicationCacheEnabled=true, rotatable=false, handlesAlerts=true, databaseEnabled=true, version=46.0.1, platform=WINDOWS, nativeEvents=false, acceptSslCerts=true, webStorageEnabled=true, locationContextEnabled=true, browserName=firefox, takesScreenshot=true, javascriptEnabled=true, cssSelectorsEnabled=true}]
Session ID: 19ce80d4-08b6-4697-85e8-81381f485096
	at sun.reflect.NativeConstructorAccessorImpl.newInstance0(Native Method)
	at sun.reflect.NativeConstructorAccessorImpl.newInstance(NativeConstructorAccessorImpl.java:62)
	at sun.reflect.DelegatingConstructorAccessorImpl.newInstance(DelegatingConstructorAccessorImpl.java:45)
	at java.lang.reflect.Constructor.newInstance(Constructor.java:423)
	at org.openqa.selenium.remote.ErrorHandler.createThrowable(ErrorHandler.java:206)
	at org.openqa.selenium.remote.ErrorHandler.throwIfResponseFailed(ErrorHandler.java:158)
	at org.openqa.selenium.remote.RemoteWebDriver.execute(RemoteWebDriver.java:678)
	at org.openqa.selenium.remote.RemoteWebDriver.execute(RemoteWebDriver.java:701)
	at org.openqa.selenium.remote.RemoteWebDriver$RemoteTargetLocator.alert(RemoteWebDriver.java:1049)
	at TestNgDemo.TestNgMaven.Login_TestCase.Fill_Form(Login_TestCase.java:321)
</failure>
  </testcase>
  <testcase classname="TestNgDemo.TestNgMaven.Login_TestCase" name="clickOn_OperatorBtn" time="2.278">
    <failure message="Unexpected modal dialog (text: User Added Successfully. You can not see added user.) The alert disappeared before it could be closed.: User Added Successfully. You can not see added user.
Build info: version: &apos;2.53.0&apos;, revision: &apos;35ae25b1534ae328c771e0856c93e187490ca824&apos;, time: &apos;2016-03-15 10:43:46&apos;
System info: host: &apos;DESKTOP-MDH6837&apos;, ip: &apos;192.168.217.1&apos;, os.name: &apos;Windows 10&apos;, os.arch: &apos;amd64&apos;, os.version: &apos;10.0&apos;, java.version: &apos;1.8.0_144&apos;
Driver info: org.openqa.selenium.firefox.FirefoxDriver
Capabilities [{applicationCacheEnabled=true, rotatable=false, handlesAlerts=true, databaseEnabled=true, version=46.0.1, platform=WINDOWS, nativeEvents=false, acceptSslCerts=true, webStorageEnabled=true, locationContextEnabled=true, browserName=firefox, takesScreenshot=true, javascriptEnabled=true, cssSelectorsEnabled=true}]
Session ID: 19ce80d4-08b6-4697-85e8-81381f485096
*** Element info: {Using=xpath, value=//a[@href=&apos;operators.html&apos;]}" type="org.openqa.selenium.UnhandledAlertException">org.openqa.selenium.UnhandledAlertException: Unexpected modal dialog (text: User Added Successfully. You can not see added user.) The alert disappeared before it could be closed.: User Added Successfully. You can not see added user.
Build info: version: &apos;2.53.0&apos;, revision: &apos;35ae25b1534ae328c771e0856c93e187490ca824&apos;, time: &apos;2016-03-15 10:43:46&apos;
System info: host: &apos;DESKTOP-MDH6837&apos;, ip: &apos;192.168.217.1&apos;, os.name: &apos;Windows 10&apos;, os.arch: &apos;amd64&apos;, os.version: &apos;10.0&apos;, java.version: &apos;1.8.0_144&apos;
Driver info: org.openqa.selenium.firefox.FirefoxDriver
Capabilities [{applicationCacheEnabled=true, rotatable=false, handlesAlerts=true, databaseEnabled=true, version=46.0.1, platform=WINDOWS, nativeEvents=false, acceptSslCerts=true, webStorageEnabled=true, locationContextEnabled=true, browserName=firefox, takesScreenshot=true, javascriptEnabled=true, cssSelectorsEnabled=true}]
Session ID: 19ce80d4-08b6-4697-85e8-81381f485096
*** Element info: {Using=xpath, value=//a[@href=&apos;operators.html&apos;]}
	at sun.reflect.NativeConstructorAccessorImpl.newInstance0(Native Method)
	at sun.reflect.NativeConstructorAccessorImpl.newInstance(NativeConstructorAccessorImpl.java:62)
	at sun.reflect.DelegatingConstructorAccessorImpl.newInstance(DelegatingConstructorAccessorImpl.java:45)
	at java.lang.reflect.Constructor.newInstance(Constructor.java:423)
	at org.openqa.selenium.remote.ErrorHandler.createThrowable(ErrorHandler.java:206)
	at org.openqa.selenium.remote.ErrorHandler.createUnhandledAlertException(ErrorHandler.java:187)
	at org.openqa.selenium.remote.ErrorHandler.throwIfResponseFailed(ErrorHandler.java:154)
	at org.openqa.selenium.remote.RemoteWebDriver.execute(RemoteWebDriver.java:678)
	at org.openqa.selenium.remote.RemoteWebDriver.findElement(RemoteWebDriver.java:363)
	at org.openqa.selenium.remote.RemoteWebDriver.findElementByXPath(RemoteWebDriver.java:500)
	at org.openqa.selenium.By$ByXPath.findElement(By.java:361)
	at org.openqa.selenium.remote.RemoteWebDriver.findElement(RemoteWebDriver.java:355)
	at TestNgDemo.TestNgMaven.Login_TestCase.clickOn_OperatorBtn(Login_TestCase.java:329)
</failure>
  </testcase>
  <testcase classname="TestNgDemo.TestNgMaven.Login_TestCase" name="logOutBtn" time="2.188">
    <failure message="Unexpected modal dialog (text: User Added Successfully. You can not see added user.) The alert disappeared before it could be closed.: User Added Successfully. You can not see added user.
Build info: version: &apos;2.53.0&apos;, revision: &apos;35ae25b1534ae328c771e0856c93e187490ca824&apos;, time: &apos;2016-03-15 10:43:46&apos;
System info: host: &apos;DESKTOP-MDH6837&apos;, ip: &apos;192.168.217.1&apos;, os.name: &apos;Windows 10&apos;, os.arch: &apos;amd64&apos;, os.version: &apos;10.0&apos;, java.version: &apos;1.8.0_144&apos;
Driver info: org.openqa.selenium.firefox.FirefoxDriver
Capabilities [{applicationCacheEnabled=true, rotatable=false, handlesAlerts=true, databaseEnabled=true, version=46.0.1, platform=WINDOWS, nativeEvents=false, acceptSslCerts=true, webStorageEnabled=true, locationContextEnabled=true, browserName=firefox, takesScreenshot=true, javascriptEnabled=true, cssSelectorsEnabled=true}]
Session ID: 19ce80d4-08b6-4697-85e8-81381f485096
*** Element info: {Using=xpath, value=html/body/div[1]/aside[1]/section/ul/li[5]/a/span}" type="org.openqa.selenium.UnhandledAlertException">org.openqa.selenium.UnhandledAlertException: Unexpected modal dialog (text: User Added Successfully. You can not see added user.) The alert disappeared before it could be closed.: User Added Successfully. You can not see added user.
Build info: version: &apos;2.53.0&apos;, revision: &apos;35ae25b1534ae328c771e0856c93e187490ca824&apos;, time: &apos;2016-03-15 10:43:46&apos;
System info: host: &apos;DESKTOP-MDH6837&apos;, ip: &apos;192.168.217.1&apos;, os.name: &apos;Windows 10&apos;, os.arch: &apos;amd64&apos;, os.version: &apos;10.0&apos;, java.version: &apos;1.8.0_144&apos;
Driver info: org.openqa.selenium.firefox.FirefoxDriver
Capabilities [{applicationCacheEnabled=true, rotatable=false, handlesAlerts=true, databaseEnabled=true, version=46.0.1, platform=WINDOWS, nativeEvents=false, acceptSslCerts=true, webStorageEnabled=true, locationContextEnabled=true, browserName=firefox, takesScreenshot=true, javascriptEnabled=true, cssSelectorsEnabled=true}]
Session ID: 19ce80d4-08b6-4697-85e8-81381f485096
*** Element info: {Using=xpath, value=html/body/div[1]/aside[1]/section/ul/li[5]/a/span}
	at sun.reflect.NativeConstructorAccessorImpl.newInstance0(Native Method)
	at sun.reflect.NativeConstructorAccessorImpl.newInstance(NativeConstructorAccessorImpl.java:62)
	at sun.reflect.DelegatingConstructorAccessorImpl.newInstance(DelegatingConstructorAccessorImpl.java:45)
	at java.lang.reflect.Constructor.newInstance(Constructor.java:423)
	at org.openqa.selenium.remote.ErrorHandler.createThrowable(ErrorHandler.java:206)
	at org.openqa.selenium.remote.ErrorHandler.createUnhandledAlertException(ErrorHandler.java:187)
	at org.openqa.selenium.remote.ErrorHandler.throwIfResponseFailed(ErrorHandler.java:154)
	at org.openqa.selenium.remote.RemoteWebDriver.execute(RemoteWebDriver.java:678)
	at org.openqa.selenium.remote.RemoteWebDriver.findElement(RemoteWebDriver.java:363)
	at org.openqa.selenium.remote.RemoteWebDriver.findElementByXPath(RemoteWebDriver.java:500)
	at org.openqa.selenium.By$ByXPath.findElement(By.java:361)
	at org.openqa.selenium.remote.RemoteWebDriver.findElement(RemoteWebDriver.java:355)
	at TestNgDemo.TestNgMaven.Login_TestCase.logOutBtn(Login_TestCase.java:349)
</failure>
  </testcase>
  <testcase classname="TestNgDemo.TestNgMaven.AppTest" name="testApp on testApp(TestNgDemo.TestNgMaven.AppTest)" time="4.12"/>
</testsuite>