<?xml version="1.0" encoding="UTF-8"?>
<testng-results skipped="0" failed="3" total="20" passed="17">
  <reporter-output>
  </reporter-output>
  <suite name="Command line suite" duration-ms="41946" started-at="2019-05-12T08:14:20Z" finished-at="2019-05-12T08:15:02Z">
    <groups>
      <group name="Resgression">
        <method signature="Login_TestCase.validUsername_Password()[pri:0, instance:TestNgDemo.TestNgMaven.Login_TestCase@735f7ae5]" name="validUsername_Password" class="TestNgDemo.TestNgMaven.Login_TestCase"/>
      </group> <!-- Resgression -->
      <group name="Regression">
        <method signature="Login_TestCase.Check_PlaceHolder_Password()[pri:0, instance:TestNgDemo.TestNgMaven.Login_TestCase@735f7ae5]" name="Check_PlaceHolder_Password" class="TestNgDemo.TestNgMaven.Login_TestCase"/>
        <method signature="Login_TestCase.Check_PlaceHolder_Username()[pri:0, instance:TestNgDemo.TestNgMaven.Login_TestCase@735f7ae5]" name="Check_PlaceHolder_Username" class="TestNgDemo.TestNgMaven.Login_TestCase"/>
        <method signature="Login_TestCase.Verify_Url()[pri:0, instance:TestNgDemo.TestNgMaven.Login_TestCase@735f7ae5]" name="Verify_Url" class="TestNgDemo.TestNgMaven.Login_TestCase"/>
        <method signature="Login_TestCase.blank_username_password()[pri:0, instance:TestNgDemo.TestNgMaven.Login_TestCase@735f7ae5]" name="blank_username_password" class="TestNgDemo.TestNgMaven.Login_TestCase"/>
        <method signature="Login_TestCase.check_Button_color()[pri:0, instance:TestNgDemo.TestNgMaven.Login_TestCase@735f7ae5]" name="check_Button_color" class="TestNgDemo.TestNgMaven.Login_TestCase"/>
        <method signature="Login_TestCase.check_Links()[pri:0, instance:TestNgDemo.TestNgMaven.Login_TestCase@735f7ae5]" name="check_Links" class="TestNgDemo.TestNgMaven.Login_TestCase"/>
        <method signature="Login_TestCase.invalidusername_password()[pri:0, instance:TestNgDemo.TestNgMaven.Login_TestCase@735f7ae5]" name="invalidusername_password" class="TestNgDemo.TestNgMaven.Login_TestCase"/>
        <method signature="Login_TestCase.loginsesion()[pri:0, instance:TestNgDemo.TestNgMaven.Login_TestCase@735f7ae5]" name="loginsesion" class="TestNgDemo.TestNgMaven.Login_TestCase"/>
        <method signature="Login_TestCase.verifyApplicationTitle()[pri:0, instance:TestNgDemo.TestNgMaven.Login_TestCase@735f7ae5]" name="verifyApplicationTitle" class="TestNgDemo.TestNgMaven.Login_TestCase"/>
        <method signature="Login_TestCase.verify_Title()[pri:0, instance:TestNgDemo.TestNgMaven.Login_TestCase@735f7ae5]" name="verify_Title" class="TestNgDemo.TestNgMaven.Login_TestCase"/>
      </group> <!-- Regression -->
      <group name="Smoke">
        <method signature="Login_TestCase.Verify_Url_DashBoard()[pri:0, instance:TestNgDemo.TestNgMaven.Login_TestCase@735f7ae5]" name="Verify_Url_DashBoard" class="TestNgDemo.TestNgMaven.Login_TestCase"/>
        <method signature="Login_TestCase.heading_Dashboard()[pri:0, instance:TestNgDemo.TestNgMaven.Login_TestCase@735f7ae5]" name="heading_Dashboard" class="TestNgDemo.TestNgMaven.Login_TestCase"/>
        <method signature="Login_TestCase.verifyApplicationTitle_DashBoard()[pri:0, instance:TestNgDemo.TestNgMaven.Login_TestCase@735f7ae5]" name="verifyApplicationTitle_DashBoard" class="TestNgDemo.TestNgMaven.Login_TestCase"/>
      </group> <!-- Smoke -->
      <group name="Unit">
        <method signature="Login_TestCase.Click_On_AddUser_Btn()[pri:0, instance:TestNgDemo.TestNgMaven.Login_TestCase@735f7ae5]" name="Click_On_AddUser_Btn" class="TestNgDemo.TestNgMaven.Login_TestCase"/>
        <method signature="Login_TestCase.Fill_Form()[pri:0, instance:TestNgDemo.TestNgMaven.Login_TestCase@735f7ae5]" name="Fill_Form" class="TestNgDemo.TestNgMaven.Login_TestCase"/>
        <method signature="Login_TestCase.clickOn_OperatorBtn()[pri:0, instance:TestNgDemo.TestNgMaven.Login_TestCase@735f7ae5]" name="clickOn_OperatorBtn" class="TestNgDemo.TestNgMaven.Login_TestCase"/>
        <method signature="Login_TestCase.click_OnUser()[pri:0, instance:TestNgDemo.TestNgMaven.Login_TestCase@735f7ae5]" name="click_OnUser" class="TestNgDemo.TestNgMaven.Login_TestCase"/>
        <method signature="Login_TestCase.getTableData()[pri:0, instance:TestNgDemo.TestNgMaven.Login_TestCase@735f7ae5]" name="getTableData" class="TestNgDemo.TestNgMaven.Login_TestCase"/>
        <method signature="Login_TestCase.logOutBtn()[pri:0, instance:TestNgDemo.TestNgMaven.Login_TestCase@735f7ae5]" name="logOutBtn" class="TestNgDemo.TestNgMaven.Login_TestCase"/>
      </group> <!-- Unit -->
    </groups>
    <test name="Command line test" duration-ms="41946" started-at="2019-05-12T08:14:20Z" finished-at="2019-05-12T08:15:02Z">
      <class name="TestNgDemo.TestNgMaven.Login_TestCase">
        <test-method status="PASS" signature="setup_Browser()[pri:0, instance:TestNgDemo.TestNgMaven.Login_TestCase@735f7ae5]" name="setup_Browser" is-config="true" duration-ms="7841" started-at="2019-05-12T13:44:12Z" finished-at="2019-05-12T13:44:20Z">
          <reporter-output>
          </reporter-output>
        </test-method> <!-- setup_Browser -->
        <test-method status="PASS" signature="Verify_Url()[pri:0, instance:TestNgDemo.TestNgMaven.Login_TestCase@735f7ae5]" name="Verify_Url" duration-ms="25" started-at="2019-05-12T13:44:20Z" finished-at="2019-05-12T13:44:20Z">
          <reporter-output>
          </reporter-output>
        </test-method> <!-- Verify_Url -->
        <test-method status="PASS" signature="verifyApplicationTitle()[pri:0, instance:TestNgDemo.TestNgMaven.Login_TestCase@735f7ae5]" name="verifyApplicationTitle" duration-ms="15" started-at="2019-05-12T13:44:20Z" finished-at="2019-05-12T13:44:20Z">
          <reporter-output>
          </reporter-output>
        </test-method> <!-- verifyApplicationTitle -->
        <test-method status="PASS" signature="verify_Title()[pri:0, instance:TestNgDemo.TestNgMaven.Login_TestCase@735f7ae5]" name="verify_Title" duration-ms="121" started-at="2019-05-12T13:44:20Z" finished-at="2019-05-12T13:44:20Z">
          <reporter-output>
          </reporter-output>
        </test-method> <!-- verify_Title -->
        <test-method status="PASS" signature="loginsesion()[pri:0, instance:TestNgDemo.TestNgMaven.Login_TestCase@735f7ae5]" name="loginsesion" duration-ms="11" started-at="2019-05-12T13:44:20Z" finished-at="2019-05-12T13:44:20Z">
          <reporter-output>
          </reporter-output>
        </test-method> <!-- loginsesion -->
        <test-method status="PASS" signature="Check_PlaceHolder_Username()[pri:0, instance:TestNgDemo.TestNgMaven.Login_TestCase@735f7ae5]" name="Check_PlaceHolder_Username" duration-ms="24" started-at="2019-05-12T13:44:20Z" finished-at="2019-05-12T13:44:20Z">
          <reporter-output>
          </reporter-output>
        </test-method> <!-- Check_PlaceHolder_Username -->
        <test-method status="PASS" signature="Check_PlaceHolder_Password()[pri:0, instance:TestNgDemo.TestNgMaven.Login_TestCase@735f7ae5]" name="Check_PlaceHolder_Password" duration-ms="19" started-at="2019-05-12T13:44:20Z" finished-at="2019-05-12T13:44:20Z">
          <reporter-output>
          </reporter-output>
        </test-method> <!-- Check_PlaceHolder_Password -->
        <test-method status="PASS" signature="check_Button_color()[pri:0, instance:TestNgDemo.TestNgMaven.Login_TestCase@735f7ae5]" name="check_Button_color" duration-ms="59" started-at="2019-05-12T13:44:20Z" finished-at="2019-05-12T13:44:20Z">
          <reporter-output>
          </reporter-output>
        </test-method> <!-- check_Button_color -->
        <test-method status="PASS" signature="check_Links()[pri:0, instance:TestNgDemo.TestNgMaven.Login_TestCase@735f7ae5]" name="check_Links" duration-ms="39" started-at="2019-05-12T13:44:20Z" finished-at="2019-05-12T13:44:20Z">
          <reporter-output>
          </reporter-output>
        </test-method> <!-- check_Links -->
        <test-method status="PASS" signature="blank_username_password()[pri:0, instance:TestNgDemo.TestNgMaven.Login_TestCase@735f7ae5]" name="blank_username_password" duration-ms="231" started-at="2019-05-12T13:44:20Z" finished-at="2019-05-12T13:44:21Z">
          <reporter-output>
          </reporter-output>
        </test-method> <!-- blank_username_password -->
        <test-method status="PASS" signature="invalidusername_password()[pri:0, instance:TestNgDemo.TestNgMaven.Login_TestCase@735f7ae5]" name="invalidusername_password" duration-ms="4313" started-at="2019-05-12T13:44:21Z" finished-at="2019-05-12T13:44:25Z">
          <reporter-output>
          </reporter-output>
        </test-method> <!-- invalidusername_password -->
        <test-method status="PASS" signature="validUsername_Password()[pri:0, instance:TestNgDemo.TestNgMaven.Login_TestCase@735f7ae5]" name="validUsername_Password" duration-ms="1957" started-at="2019-05-12T13:44:25Z" finished-at="2019-05-12T13:44:27Z">
          <reporter-output>
          </reporter-output>
        </test-method> <!-- validUsername_Password -->
        <test-method status="PASS" signature="Verify_Url_DashBoard()[pri:0, instance:TestNgDemo.TestNgMaven.Login_TestCase@735f7ae5]" name="Verify_Url_DashBoard" duration-ms="31" started-at="2019-05-12T13:44:27Z" finished-at="2019-05-12T13:44:27Z">
          <reporter-output>
          </reporter-output>
        </test-method> <!-- Verify_Url_DashBoard -->
        <test-method status="PASS" signature="verifyApplicationTitle_DashBoard()[pri:0, instance:TestNgDemo.TestNgMaven.Login_TestCase@735f7ae5]" name="verifyApplicationTitle_DashBoard" duration-ms="19" started-at="2019-05-12T13:44:27Z" finished-at="2019-05-12T13:44:27Z">
          <reporter-output>
          </reporter-output>
        </test-method> <!-- verifyApplicationTitle_DashBoard -->
        <test-method status="PASS" signature="heading_Dashboard()[pri:0, instance:TestNgDemo.TestNgMaven.Login_TestCase@735f7ae5]" name="heading_Dashboard" duration-ms="2050" started-at="2019-05-12T13:44:27Z" finished-at="2019-05-12T13:44:29Z">
          <reporter-output>
          </reporter-output>
        </test-method> <!-- heading_Dashboard -->
        <test-method status="PASS" signature="click_OnUser()[pri:0, instance:TestNgDemo.TestNgMaven.Login_TestCase@735f7ae5]" name="click_OnUser" duration-ms="2732" started-at="2019-05-12T13:44:29Z" finished-at="2019-05-12T13:44:32Z">
          <reporter-output>
          </reporter-output>
        </test-method> <!-- click_OnUser -->
        <test-method status="PASS" signature="getTableData()[pri:0, instance:TestNgDemo.TestNgMaven.Login_TestCase@735f7ae5]" name="getTableData" duration-ms="7769" started-at="2019-05-12T13:44:32Z" finished-at="2019-05-12T13:44:39Z">
          <reporter-output>
          </reporter-output>
        </test-method> <!-- getTableData -->
        <test-method status="PASS" signature="Click_On_AddUser_Btn()[pri:0, instance:TestNgDemo.TestNgMaven.Login_TestCase@735f7ae5]" name="Click_On_AddUser_Btn" duration-ms="2241" started-at="2019-05-12T13:44:39Z" finished-at="2019-05-12T13:44:42Z">
          <reporter-output>
          </reporter-output>
        </test-method> <!-- Click_On_AddUser_Btn -->
        <test-method status="FAIL" signature="Fill_Form()[pri:0, instance:TestNgDemo.TestNgMaven.Login_TestCase@735f7ae5]" name="Fill_Form" duration-ms="15747" started-at="2019-05-12T13:44:42Z" finished-at="2019-05-12T13:44:57Z">
          <exception class="org.openqa.selenium.NoAlertPresentException">
            <message>
              <![CDATA[No alert is present (WARNING: The server did not provide any stacktrace information)
Command duration or timeout: 2.57 seconds
Build info: version: '2.53.0', revision: '35ae25b1534ae328c771e0856c93e187490ca824', time: '2016-03-15 10:43:46'
System info: host: 'DESKTOP-MDH6837', ip: '192.168.217.1', os.name: 'Windows 10', os.arch: 'amd64', os.version: '10.0', java.version: '1.8.0_144'
Driver info: org.openqa.selenium.firefox.FirefoxDriver
Capabilities [{applicationCacheEnabled=true, rotatable=false, handlesAlerts=true, databaseEnabled=true, version=46.0.1, platform=WINDOWS, nativeEvents=false, acceptSslCerts=true, webStorageEnabled=true, locationContextEnabled=true, browserName=firefox, takesScreenshot=true, javascriptEnabled=true, cssSelectorsEnabled=true}]
Session ID: 19ce80d4-08b6-4697-85e8-81381f485096]]>
            </message>
            <full-stacktrace>
              <![CDATA[org.openqa.selenium.NoAlertPresentException: No alert is present (WARNING: The server did not provide any stacktrace information)
Command duration or timeout: 2.57 seconds
Build info: version: '2.53.0', revision: '35ae25b1534ae328c771e0856c93e187490ca824', time: '2016-03-15 10:43:46'
System info: host: 'DESKTOP-MDH6837', ip: '192.168.217.1', os.name: 'Windows 10', os.arch: 'amd64', os.version: '10.0', java.version: '1.8.0_144'
Driver info: org.openqa.selenium.firefox.FirefoxDriver
Capabilities [{applicationCacheEnabled=true, rotatable=false, handlesAlerts=true, databaseEnabled=true, version=46.0.1, platform=WINDOWS, nativeEvents=false, acceptSslCerts=true, webStorageEnabled=true, locationContextEnabled=true, browserName=firefox, takesScreenshot=true, javascriptEnabled=true, cssSelectorsEnabled=true}]
Session ID: 19ce80d4-08b6-4697-85e8-81381f485096
	at sun.reflect.NativeConstructorAccessorImpl.newInstance0(Native Method)
	at sun.reflect.NativeConstructorAccessorImpl.newInstance(NativeConstructorAccessorImpl.java:62)
	at sun.reflect.DelegatingConstructorAccessorImpl.newInstance(DelegatingConstructorAccessorImpl.java:45)
	at java.lang.reflect.Constructor.newInstance(Constructor.java:423)
	at org.openqa.selenium.remote.ErrorHandler.createThrowable(ErrorHandler.java:206)
	at org.openqa.selenium.remote.ErrorHandler.throwIfResponseFailed(ErrorHandler.java:158)
	at org.openqa.selenium.remote.RemoteWebDriver.execute(RemoteWebDriver.java:678)
	at org.openqa.selenium.remote.RemoteWebDriver.execute(RemoteWebDriver.java:701)
	at org.openqa.selenium.remote.RemoteWebDriver$RemoteTargetLocator.alert(RemoteWebDriver.java:1049)
	at TestNgDemo.TestNgMaven.Login_TestCase.Fill_Form(Login_TestCase.java:321)
	at sun.reflect.NativeMethodAccessorImpl.invoke0(Native Method)
	at sun.reflect.NativeMethodAccessorImpl.invoke(NativeMethodAccessorImpl.java:62)
	at sun.reflect.DelegatingMethodAccessorImpl.invoke(DelegatingMethodAccessorImpl.java:43)
	at java.lang.reflect.Method.invoke(Method.java:498)
	at org.testng.internal.MethodInvocationHelper.invokeMethod(MethodInvocationHelper.java:80)
	at org.testng.internal.Invoker.invokeMethod(Invoker.java:714)
	at org.testng.internal.Invoker.invokeTestMethod(Invoker.java:901)
	at org.testng.internal.Invoker.invokeTestMethods(Invoker.java:1231)
	at org.testng.internal.TestMethodWorker.invokeTestMethods(TestMethodWorker.java:127)
	at org.testng.internal.TestMethodWorker.run(TestMethodWorker.java:111)
	at org.testng.TestRunner.privateRun(TestRunner.java:767)
	at org.testng.TestRunner.run(TestRunner.java:617)
	at org.testng.SuiteRunner.runTest(SuiteRunner.java:334)
	at org.testng.SuiteRunner.runSequentially(SuiteRunner.java:329)
	at org.testng.SuiteRunner.privateRun(SuiteRunner.java:291)
	at org.testng.SuiteRunner.run(SuiteRunner.java:240)
	at org.testng.SuiteRunnerWorker.runSuite(SuiteRunnerWorker.java:52)
	at org.testng.SuiteRunnerWorker.run(SuiteRunnerWorker.java:86)
	at org.testng.TestNG.runSuitesSequentially(TestNG.java:1198)
	at org.testng.TestNG.runSuitesLocally(TestNG.java:1123)
	at org.testng.TestNG.run(TestNG.java:1031)
	at org.apache.maven.surefire.testng.TestNGExecutor.run(TestNGExecutor.java:77)
	at org.apache.maven.surefire.testng.TestNGDirectoryTestSuite.executeMulti(TestNGDirectoryTestSuite.java:159)
	at org.apache.maven.surefire.testng.TestNGDirectoryTestSuite.execute(TestNGDirectoryTestSuite.java:99)
	at org.apache.maven.surefire.testng.TestNGProvider.invoke(TestNGProvider.java:106)
	at sun.reflect.NativeMethodAccessorImpl.invoke0(Native Method)
	at sun.reflect.NativeMethodAccessorImpl.invoke(NativeMethodAccessorImpl.java:62)
	at sun.reflect.DelegatingMethodAccessorImpl.invoke(DelegatingMethodAccessorImpl.java:43)
	at java.lang.reflect.Method.invoke(Method.java:498)
	at org.apache.maven.surefire.util.ReflectionUtils.invokeMethodWithArray(ReflectionUtils.java:189)
	at org.apache.maven.surefire.booter.ProviderFactory$ProviderProxy.invoke(ProviderFactory.java:165)
	at org.apache.maven.surefire.booter.ProviderFactory.invokeProvider(ProviderFactory.java:85)
	at org.apache.maven.surefire.booter.ForkedBooter.runSuitesInProcess(ForkedBooter.java:115)
	at org.apache.maven.surefire.booter.ForkedBooter.main(ForkedBooter.java:75)
]]>
            </full-stacktrace>
          </exception> <!-- org.openqa.selenium.NoAlertPresentException -->
          <reporter-output>
          </reporter-output>
        </test-method> <!-- Fill_Form -->
        <test-method status="FAIL" signature="clickOn_OperatorBtn()[pri:0, instance:TestNgDemo.TestNgMaven.Login_TestCase@735f7ae5]" name="clickOn_OperatorBtn" duration-ms="2254" started-at="2019-05-12T13:44:57Z" finished-at="2019-05-12T13:45:00Z">
          <exception class="org.openqa.selenium.UnhandledAlertException">
            <message>
              <![CDATA[Unexpected modal dialog (text: User Added Successfully. You can not see added user.) The alert disappeared before it could be closed.: User Added Successfully. You can not see added user.
Build info: version: '2.53.0', revision: '35ae25b1534ae328c771e0856c93e187490ca824', time: '2016-03-15 10:43:46'
System info: host: 'DESKTOP-MDH6837', ip: '192.168.217.1', os.name: 'Windows 10', os.arch: 'amd64', os.version: '10.0', java.version: '1.8.0_144'
Driver info: org.openqa.selenium.firefox.FirefoxDriver
Capabilities [{applicationCacheEnabled=true, rotatable=false, handlesAlerts=true, databaseEnabled=true, version=46.0.1, platform=WINDOWS, nativeEvents=false, acceptSslCerts=true, webStorageEnabled=true, locationContextEnabled=true, browserName=firefox, takesScreenshot=true, javascriptEnabled=true, cssSelectorsEnabled=true}]
Session ID: 19ce80d4-08b6-4697-85e8-81381f485096
*** Element info: {Using=xpath, value=//a[@href='operators.html']}]]>
            </message>
            <full-stacktrace>
              <![CDATA[org.openqa.selenium.UnhandledAlertException: Unexpected modal dialog (text: User Added Successfully. You can not see added user.) The alert disappeared before it could be closed.: User Added Successfully. You can not see added user.
Build info: version: '2.53.0', revision: '35ae25b1534ae328c771e0856c93e187490ca824', time: '2016-03-15 10:43:46'
System info: host: 'DESKTOP-MDH6837', ip: '192.168.217.1', os.name: 'Windows 10', os.arch: 'amd64', os.version: '10.0', java.version: '1.8.0_144'
Driver info: org.openqa.selenium.firefox.FirefoxDriver
Capabilities [{applicationCacheEnabled=true, rotatable=false, handlesAlerts=true, databaseEnabled=true, version=46.0.1, platform=WINDOWS, nativeEvents=false, acceptSslCerts=true, webStorageEnabled=true, locationContextEnabled=true, browserName=firefox, takesScreenshot=true, javascriptEnabled=true, cssSelectorsEnabled=true}]
Session ID: 19ce80d4-08b6-4697-85e8-81381f485096
*** Element info: {Using=xpath, value=//a[@href='operators.html']}
	at sun.reflect.NativeConstructorAccessorImpl.newInstance0(Native Method)
	at sun.reflect.NativeConstructorAccessorImpl.newInstance(NativeConstructorAccessorImpl.java:62)
	at sun.reflect.DelegatingConstructorAccessorImpl.newInstance(DelegatingConstructorAccessorImpl.java:45)
	at java.lang.reflect.Constructor.newInstance(Constructor.java:423)
	at org.openqa.selenium.remote.ErrorHandler.createThrowable(ErrorHandler.java:206)
	at org.openqa.selenium.remote.ErrorHandler.createUnhandledAlertException(ErrorHandler.java:187)
	at org.openqa.selenium.remote.ErrorHandler.throwIfResponseFailed(ErrorHandler.java:154)
	at org.openqa.selenium.remote.RemoteWebDriver.execute(RemoteWebDriver.java:678)
	at org.openqa.selenium.remote.RemoteWebDriver.findElement(RemoteWebDriver.java:363)
	at org.openqa.selenium.remote.RemoteWebDriver.findElementByXPath(RemoteWebDriver.java:500)
	at org.openqa.selenium.By$ByXPath.findElement(By.java:361)
	at org.openqa.selenium.remote.RemoteWebDriver.findElement(RemoteWebDriver.java:355)
	at TestNgDemo.TestNgMaven.Login_TestCase.clickOn_OperatorBtn(Login_TestCase.java:329)
	at sun.reflect.NativeMethodAccessorImpl.invoke0(Native Method)
	at sun.reflect.NativeMethodAccessorImpl.invoke(NativeMethodAccessorImpl.java:62)
	at sun.reflect.DelegatingMethodAccessorImpl.invoke(DelegatingMethodAccessorImpl.java:43)
	at java.lang.reflect.Method.invoke(Method.java:498)
	at org.testng.internal.MethodInvocationHelper.invokeMethod(MethodInvocationHelper.java:80)
	at org.testng.internal.Invoker.invokeMethod(Invoker.java:714)
	at org.testng.internal.Invoker.invokeTestMethod(Invoker.java:901)
	at org.testng.internal.Invoker.invokeTestMethods(Invoker.java:1231)
	at org.testng.internal.TestMethodWorker.invokeTestMethods(TestMethodWorker.java:127)
	at org.testng.internal.TestMethodWorker.run(TestMethodWorker.java:111)
	at org.testng.TestRunner.privateRun(TestRunner.java:767)
	at org.testng.TestRunner.run(TestRunner.java:617)
	at org.testng.SuiteRunner.runTest(SuiteRunner.java:334)
	at org.testng.SuiteRunner.runSequentially(SuiteRunner.java:329)
	at org.testng.SuiteRunner.privateRun(SuiteRunner.java:291)
	at org.testng.SuiteRunner.run(SuiteRunner.java:240)
	at org.testng.SuiteRunnerWorker.runSuite(SuiteRunnerWorker.java:52)
	at org.testng.SuiteRunnerWorker.run(SuiteRunnerWorker.java:86)
	at org.testng.TestNG.runSuitesSequentially(TestNG.java:1198)
	at org.testng.TestNG.runSuitesLocally(TestNG.java:1123)
	at org.testng.TestNG.run(TestNG.java:1031)
	at org.apache.maven.surefire.testng.TestNGExecutor.run(TestNGExecutor.java:77)
	at org.apache.maven.surefire.testng.TestNGDirectoryTestSuite.executeMulti(TestNGDirectoryTestSuite.java:159)
	at org.apache.maven.surefire.testng.TestNGDirectoryTestSuite.execute(TestNGDirectoryTestSuite.java:99)
	at org.apache.maven.surefire.testng.TestNGProvider.invoke(TestNGProvider.java:106)
	at sun.reflect.NativeMethodAccessorImpl.invoke0(Native Method)
	at sun.reflect.NativeMethodAccessorImpl.invoke(NativeMethodAccessorImpl.java:62)
	at sun.reflect.DelegatingMethodAccessorImpl.invoke(DelegatingMethodAccessorImpl.java:43)
	at java.lang.reflect.Method.invoke(Method.java:498)
	at org.apache.maven.surefire.util.ReflectionUtils.invokeMethodWithArray(ReflectionUtils.java:189)
	at org.apache.maven.surefire.booter.ProviderFactory$ProviderProxy.invoke(ProviderFactory.java:165)
	at org.apache.maven.surefire.booter.ProviderFactory.invokeProvider(ProviderFactory.java:85)
	at org.apache.maven.surefire.booter.ForkedBooter.runSuitesInProcess(ForkedBooter.java:115)
	at org.apache.maven.surefire.booter.ForkedBooter.main(ForkedBooter.java:75)
]]>
            </full-stacktrace>
          </exception> <!-- org.openqa.selenium.UnhandledAlertException -->
          <reporter-output>
          </reporter-output>
        </test-method> <!-- clickOn_OperatorBtn -->
        <test-method status="FAIL" signature="logOutBtn()[pri:0, instance:TestNgDemo.TestNgMaven.Login_TestCase@735f7ae5]" name="logOutBtn" duration-ms="2203" started-at="2019-05-12T13:45:00Z" finished-at="2019-05-12T13:45:02Z">
          <exception class="org.openqa.selenium.UnhandledAlertException">
            <message>
              <![CDATA[Unexpected modal dialog (text: User Added Successfully. You can not see added user.) The alert disappeared before it could be closed.: User Added Successfully. You can not see added user.
Build info: version: '2.53.0', revision: '35ae25b1534ae328c771e0856c93e187490ca824', time: '2016-03-15 10:43:46'
System info: host: 'DESKTOP-MDH6837', ip: '192.168.217.1', os.name: 'Windows 10', os.arch: 'amd64', os.version: '10.0', java.version: '1.8.0_144'
Driver info: org.openqa.selenium.firefox.FirefoxDriver
Capabilities [{applicationCacheEnabled=true, rotatable=false, handlesAlerts=true, databaseEnabled=true, version=46.0.1, platform=WINDOWS, nativeEvents=false, acceptSslCerts=true, webStorageEnabled=true, locationContextEnabled=true, browserName=firefox, takesScreenshot=true, javascriptEnabled=true, cssSelectorsEnabled=true}]
Session ID: 19ce80d4-08b6-4697-85e8-81381f485096
*** Element info: {Using=xpath, value=html/body/div[1]/aside[1]/section/ul/li[5]/a/span}]]>
            </message>
            <full-stacktrace>
              <![CDATA[org.openqa.selenium.UnhandledAlertException: Unexpected modal dialog (text: User Added Successfully. You can not see added user.) The alert disappeared before it could be closed.: User Added Successfully. You can not see added user.
Build info: version: '2.53.0', revision: '35ae25b1534ae328c771e0856c93e187490ca824', time: '2016-03-15 10:43:46'
System info: host: 'DESKTOP-MDH6837', ip: '192.168.217.1', os.name: 'Windows 10', os.arch: 'amd64', os.version: '10.0', java.version: '1.8.0_144'
Driver info: org.openqa.selenium.firefox.FirefoxDriver
Capabilities [{applicationCacheEnabled=true, rotatable=false, handlesAlerts=true, databaseEnabled=true, version=46.0.1, platform=WINDOWS, nativeEvents=false, acceptSslCerts=true, webStorageEnabled=true, locationContextEnabled=true, browserName=firefox, takesScreenshot=true, javascriptEnabled=true, cssSelectorsEnabled=true}]
Session ID: 19ce80d4-08b6-4697-85e8-81381f485096
*** Element info: {Using=xpath, value=html/body/div[1]/aside[1]/section/ul/li[5]/a/span}
	at sun.reflect.NativeConstructorAccessorImpl.newInstance0(Native Method)
	at sun.reflect.NativeConstructorAccessorImpl.newInstance(NativeConstructorAccessorImpl.java:62)
	at sun.reflect.DelegatingConstructorAccessorImpl.newInstance(DelegatingConstructorAccessorImpl.java:45)
	at java.lang.reflect.Constructor.newInstance(Constructor.java:423)
	at org.openqa.selenium.remote.ErrorHandler.createThrowable(ErrorHandler.java:206)
	at org.openqa.selenium.remote.ErrorHandler.createUnhandledAlertException(ErrorHandler.java:187)
	at org.openqa.selenium.remote.ErrorHandler.throwIfResponseFailed(ErrorHandler.java:154)
	at org.openqa.selenium.remote.RemoteWebDriver.execute(RemoteWebDriver.java:678)
	at org.openqa.selenium.remote.RemoteWebDriver.findElement(RemoteWebDriver.java:363)
	at org.openqa.selenium.remote.RemoteWebDriver.findElementByXPath(RemoteWebDriver.java:500)
	at org.openqa.selenium.By$ByXPath.findElement(By.java:361)
	at org.openqa.selenium.remote.RemoteWebDriver.findElement(RemoteWebDriver.java:355)
	at TestNgDemo.TestNgMaven.Login_TestCase.logOutBtn(Login_TestCase.java:349)
	at sun.reflect.NativeMethodAccessorImpl.invoke0(Native Method)
	at sun.reflect.NativeMethodAccessorImpl.invoke(NativeMethodAccessorImpl.java:62)
	at sun.reflect.DelegatingMethodAccessorImpl.invoke(DelegatingMethodAccessorImpl.java:43)
	at java.lang.reflect.Method.invoke(Method.java:498)
	at org.testng.internal.MethodInvocationHelper.invokeMethod(MethodInvocationHelper.java:80)
	at org.testng.internal.Invoker.invokeMethod(Invoker.java:714)
	at org.testng.internal.Invoker.invokeTestMethod(Invoker.java:901)
	at org.testng.internal.Invoker.invokeTestMethods(Invoker.java:1231)
	at org.testng.internal.TestMethodWorker.invokeTestMethods(TestMethodWorker.java:127)
	at org.testng.internal.TestMethodWorker.run(TestMethodWorker.java:111)
	at org.testng.TestRunner.privateRun(TestRunner.java:767)
	at org.testng.TestRunner.run(TestRunner.java:617)
	at org.testng.SuiteRunner.runTest(SuiteRunner.java:334)
	at org.testng.SuiteRunner.runSequentially(SuiteRunner.java:329)
	at org.testng.SuiteRunner.privateRun(SuiteRunner.java:291)
	at org.testng.SuiteRunner.run(SuiteRunner.java:240)
	at org.testng.SuiteRunnerWorker.runSuite(SuiteRunnerWorker.java:52)
	at org.testng.SuiteRunnerWorker.run(SuiteRunnerWorker.java:86)
	at org.testng.TestNG.runSuitesSequentially(TestNG.java:1198)
	at org.testng.TestNG.runSuitesLocally(TestNG.java:1123)
	at org.testng.TestNG.run(TestNG.java:1031)
	at org.apache.maven.surefire.testng.TestNGExecutor.run(TestNGExecutor.java:77)
	at org.apache.maven.surefire.testng.TestNGDirectoryTestSuite.executeMulti(TestNGDirectoryTestSuite.java:159)
	at org.apache.maven.surefire.testng.TestNGDirectoryTestSuite.execute(TestNGDirectoryTestSuite.java:99)
	at org.apache.maven.surefire.testng.TestNGProvider.invoke(TestNGProvider.java:106)
	at sun.reflect.NativeMethodAccessorImpl.invoke0(Native Method)
	at sun.reflect.NativeMethodAccessorImpl.invoke(NativeMethodAccessorImpl.java:62)
	at sun.reflect.DelegatingMethodAccessorImpl.invoke(DelegatingMethodAccessorImpl.java:43)
	at java.lang.reflect.Method.invoke(Method.java:498)
	at org.apache.maven.surefire.util.ReflectionUtils.invokeMethodWithArray(ReflectionUtils.java:189)
	at org.apache.maven.surefire.booter.ProviderFactory$ProviderProxy.invoke(ProviderFactory.java:165)
	at org.apache.maven.surefire.booter.ProviderFactory.invokeProvider(ProviderFactory.java:85)
	at org.apache.maven.surefire.booter.ForkedBooter.runSuitesInProcess(ForkedBooter.java:115)
	at org.apache.maven.surefire.booter.ForkedBooter.main(ForkedBooter.java:75)
]]>
            </full-stacktrace>
          </exception> <!-- org.openqa.selenium.UnhandledAlertException -->
          <reporter-output>
          </reporter-output>
        </test-method> <!-- logOutBtn -->
        <test-method status="PASS" signature="close_Browse()[pri:0, instance:TestNgDemo.TestNgMaven.Login_TestCase@735f7ae5]" name="close_Browse" is-config="true" duration-ms="1462" started-at="2019-05-12T13:45:02Z" finished-at="2019-05-12T13:45:03Z">
          <reporter-output>
          </reporter-output>
        </test-method> <!-- close_Browse -->
      </class> <!-- TestNgDemo.TestNgMaven.Login_TestCase -->
    </test> <!-- Command line test -->
  </suite> <!-- Command line suite -->
</testng-results>
